[07-Jan-2024 14:28:52 Europe/Berlin] PHP Warning:  require_once(system/config.php): Failed to open stream: No such file or directory in /Applications/XAMPP/xamppfiles/htdocs/Deerwalk-Education-Group/DWIT/QAA/QAALogin.php on line 3
[07-Jan-2024 14:28:52 Europe/Berlin] PHP Fatal error:  Uncaught Error: Failed opening required 'system/config.php' (include_path='.:/Applications/XAMPP/xamppfiles/lib/php') in /Applications/XAMPP/xamppfiles/htdocs/Deerwalk-Education-Group/DWIT/QAA/QAALogin.php:3
Stack trace:
#0 {main}
  thrown in /Applications/XAMPP/xamppfiles/htdocs/Deerwalk-Education-Group/DWIT/QAA/QAALogin.php on line 3
[07-Jan-2024 14:28:54 Europe/Berlin] PHP Warning:  require_once(system/config.php): Failed to open stream: No such file or directory in /Applications/XAMPP/xamppfiles/htdocs/Deerwalk-Education-Group/DWIT/QAA/QAALogin.php on line 3
[07-Jan-2024 14:28:54 Europe/Berlin] PHP Fatal error:  Uncaught Error: Failed opening required 'system/config.php' (include_path='.:/Applications/XAMPP/xamppfiles/lib/php') in /Applications/XAMPP/xamppfiles/htdocs/Deerwalk-Education-Group/DWIT/QAA/QAALogin.php:3
Stack trace:
#0 {main}
  thrown in /Applications/XAMPP/xamppfiles/htdocs/Deerwalk-Education-Group/DWIT/QAA/QAALogin.php on line 3
[07-Jan-2024 14:29:06 Europe/Berlin] PHP Warning:  require_once(system/config.php): Failed to open stream: No such file or directory in /Applications/XAMPP/xamppfiles/htdocs/Deerwalk-Education-Group/DWIT/QAA/QAALogin.php on line 3
[07-Jan-2024 14:29:06 Europe/Berlin] PHP Fatal error:  Uncaught Error: Failed opening required 'system/config.php' (include_path='.:/Applications/XAMPP/xamppfiles/lib/php') in /Applications/XAMPP/xamppfiles/htdocs/Deerwalk-Education-Group/DWIT/QAA/QAALogin.php:3
Stack trace:
#0 {main}
  thrown in /Applications/XAMPP/xamppfiles/htdocs/Deerwalk-Education-Group/DWIT/QAA/QAALogin.php on line 3
[07-Jan-2024 14:30:23 Europe/Berlin] PHP Warning:  require_once(system/config.php): Failed to open stream: No such file or directory in /Applications/XAMPP/xamppfiles/htdocs/Deerwalk-Education-Group/DWIT/QAA/QAAShow.php on line 11
[07-Jan-2024 14:30:23 Europe/Berlin] PHP Fatal error:  Uncaught Error: Failed opening required 'system/config.php' (include_path='.:/Applications/XAMPP/xamppfiles/lib/php') in /Applications/XAMPP/xamppfiles/htdocs/Deerwalk-Education-Group/DWIT/QAA/QAAShow.php:11
Stack trace:
#0 {main}
  thrown in /Applications/XAMPP/xamppfiles/htdocs/Deerwalk-Education-Group/DWIT/QAA/QAAShow.php on line 11
[07-Jan-2024 14:31:20 Europe/Berlin] PHP Warning:  require_once(system/config.php): Failed to open stream: No such file or directory in /Applications/XAMPP/xamppfiles/htdocs/Deerwalk-Education-Group/DWIT/QAA/QAAuploadProcess.php on line 7
[07-Jan-2024 14:31:20 Europe/Berlin] PHP Fatal error:  Uncaught Error: Failed opening required 'system/config.php' (include_path='.:/Applications/XAMPP/xamppfiles/lib/php') in /Applications/XAMPP/xamppfiles/htdocs/Deerwalk-Education-Group/DWIT/QAA/QAAuploadProcess.php:7
Stack trace:
#0 {main}
  thrown in /Applications/XAMPP/xamppfiles/htdocs/Deerwalk-Education-Group/DWIT/QAA/QAAuploadProcess.php on line 7
[07-Jan-2024 15:44:16 Europe/Berlin] PHP Parse error:  syntax error, unexpected end of file, expecting "elseif" or "else" or "endif" in /Applications/XAMPP/xamppfiles/htdocs/Deerwalk-Education-Group/DWIT/QAA/QAAShow.php on line 189
[07-Jan-2024 16:07:46 Europe/Berlin] PHP Warning:  Undefined array key "fileToUpload" in /Applications/XAMPP/xamppfiles/htdocs/Deerwalk-Education-Group/DWIT/QAA/QAAuploadProcess.php on line 20
[07-Jan-2024 16:07:46 Europe/Berlin] PHP Warning:  Trying to access array offset on value of type null in /Applications/XAMPP/xamppfiles/htdocs/Deerwalk-Education-Group/DWIT/QAA/QAAuploadProcess.php on line 20
[07-Jan-2024 16:07:46 Europe/Berlin] PHP Deprecated:  basename(): Passing null to parameter #1 ($path) of type string is deprecated in /Applications/XAMPP/xamppfiles/htdocs/Deerwalk-Education-Group/DWIT/QAA/QAAuploadProcess.php on line 20
[09-Jan-2024 06:23:51 Europe/Berlin] PHP Fatal error:  Uncaught ArgumentCountError: move_uploaded_file() expects exactly 2 arguments, 3 given in /Applications/XAMPP/xamppfiles/htdocs/Deerwalk-Education-Group/DWIT/QAA/QAAUploadProcess.php:40
Stack trace:
#0 /Applications/XAMPP/xamppfiles/htdocs/Deerwalk-Education-Group/DWIT/QAA/QAAUploadProcess.php(40): move_uploaded_file('/Applications/X...', 'QAAUploads/reac...', 'uploadProgressC...')
#1 {main}
  thrown in /Applications/XAMPP/xamppfiles/htdocs/Deerwalk-Education-Group/DWIT/QAA/QAAUploadProcess.php on line 40
[09-Jan-2024 06:24:12 Europe/Berlin] PHP Fatal error:  Uncaught ArgumentCountError: move_uploaded_file() expects exactly 2 arguments, 3 given in /Applications/XAMPP/xamppfiles/htdocs/Deerwalk-Education-Group/DWIT/QAA/QAAUploadProcess.php:40
Stack trace:
#0 /Applications/XAMPP/xamppfiles/htdocs/Deerwalk-Education-Group/DWIT/QAA/QAAUploadProcess.php(40): move_uploaded_file('/Applications/X...', 'QAAUploads/reac...', 'uploadProgressC...')
#1 {main}
  thrown in /Applications/XAMPP/xamppfiles/htdocs/Deerwalk-Education-Group/DWIT/QAA/QAAUploadProcess.php on line 40
[09-Jan-2024 06:26:13 Europe/Berlin] PHP Fatal error:  Uncaught ArgumentCountError: move_uploaded_file() expects exactly 2 arguments, 3 given in /Applications/XAMPP/xamppfiles/htdocs/Deerwalk-Education-Group/DWIT/QAA/QAAUploadProcess.php:40
Stack trace:
#0 /Applications/XAMPP/xamppfiles/htdocs/Deerwalk-Education-Group/DWIT/QAA/QAAUploadProcess.php(40): move_uploaded_file('/Applications/X...', 'QAAUploads/reac...', 'uploadProgressC...')
#1 {main}
  thrown in /Applications/XAMPP/xamppfiles/htdocs/Deerwalk-Education-Group/DWIT/QAA/QAAUploadProcess.php on line 40
[09-Jan-2024 06:29:24 Europe/Berlin] PHP Fatal error:  Uncaught ArgumentCountError: move_uploaded_file() expects exactly 2 arguments, 3 given in /Applications/XAMPP/xamppfiles/htdocs/Deerwalk-Education-Group/DWIT/QAA/QAAUploadProcess.php:40
Stack trace:
#0 /Applications/XAMPP/xamppfiles/htdocs/Deerwalk-Education-Group/DWIT/QAA/QAAUploadProcess.php(40): move_uploaded_file('/Applications/X...', 'QAAUploads/reac...', 'uploadProgressC...')
#1 {main}
  thrown in /Applications/XAMPP/xamppfiles/htdocs/Deerwalk-Education-Group/DWIT/QAA/QAAUploadProcess.php on line 40
[09-Jan-2024 06:30:27 Europe/Berlin] PHP Fatal error:  Uncaught ArgumentCountError: move_uploaded_file() expects exactly 2 arguments, 3 given in /Applications/XAMPP/xamppfiles/htdocs/Deerwalk-Education-Group/DWIT/QAA/QAAUploadProcess.php:40
Stack trace:
#0 /Applications/XAMPP/xamppfiles/htdocs/Deerwalk-Education-Group/DWIT/QAA/QAAUploadProcess.php(40): move_uploaded_file('/Applications/X...', 'QAAUploads/reac...', 'uploadProgressC...')
#1 {main}
  thrown in /Applications/XAMPP/xamppfiles/htdocs/Deerwalk-Education-Group/DWIT/QAA/QAAUploadProcess.php on line 40
[18-Jan-2024 17:06:43 Europe/Berlin] PHP Notice:  Undefined index: fileToUpload in C:\xampp\htdocs\Deerwalk-Education-Group\DWIT\QAA\QAAUploadProcess.php on line 22
[18-Jan-2024 17:06:43 Europe/Berlin] PHP Notice:  Trying to access array offset on value of type null in C:\xampp\htdocs\Deerwalk-Education-Group\DWIT\QAA\QAAUploadProcess.php on line 22
