[04-Sep-2022 13:15:16 UTC] PHP Warning:  session_start(): open(/var/lib/php/session/sess_gdcmo6bunoltktdlqs0c06tsg6, O_RDWR) failed: No space left on device (28) in /data/deerwalk-education-group/DWIT/system/application_top.php on line 2
[04-Sep-2022 13:15:16 UTC] PHP Warning:  session_start(): Failed to read session data: files (path: /var/lib/php/session) in /data/deerwalk-education-group/DWIT/system/application_top.php on line 2
[04-Sep-2022 13:15:16 UTC] PHP Warning:  session_start(): open(/var/lib/php/session/sess_gdcmo6bunoltktdlqs0c06tsg6, O_RDWR) failed: No space left on device (28) in /data/deerwalk-education-group/DWIT/system/application_top.php on line 2
[04-Sep-2022 13:15:16 UTC] PHP Warning:  session_start(): Failed to read session data: files (path: /var/lib/php/session) in /data/deerwalk-education-group/DWIT/system/application_top.php on line 2
[04-Sep-2022 14:01:21 UTC] PHP Warning:  session_start(): open(/var/lib/php/session/sess_4mjesb69a72oj2egc585peqb8q, O_RDWR) failed: No space left on device (28) in /data/deerwalk-education-group/DWIT/system/application_top.php on line 2
[04-Sep-2022 14:01:21 UTC] PHP Warning:  session_start(): Failed to read session data: files (path: /var/lib/php/session) in /data/deerwalk-education-group/DWIT/system/application_top.php on line 2
[04-Sep-2022 14:01:22 UTC] PHP Warning:  session_start(): open(/var/lib/php/session/sess_4mjesb69a72oj2egc585peqb8q, O_RDWR) failed: No space left on device (28) in /data/deerwalk-education-group/DWIT/system/application_top.php on line 2
[04-Sep-2022 14:01:22 UTC] PHP Warning:  session_start(): Failed to read session data: files (path: /var/lib/php/session) in /data/deerwalk-education-group/DWIT/system/application_top.php on line 2
[04-Sep-2022 14:11:56 UTC] PHP Warning:  session_start(): open(/var/lib/php/session/sess_2aesjdeutonkul7ei129radd88, O_RDWR) failed: No space left on device (28) in /data/deerwalk-education-group/DWIT/system/application_top.php on line 2
[04-Sep-2022 14:11:56 UTC] PHP Warning:  session_start(): Failed to read session data: files (path: /var/lib/php/session) in /data/deerwalk-education-group/DWIT/system/application_top.php on line 2
[04-Sep-2022 14:11:57 UTC] PHP Warning:  session_start(): open(/var/lib/php/session/sess_2aesjdeutonkul7ei129radd88, O_RDWR) failed: No space left on device (28) in /data/deerwalk-education-group/DWIT/system/application_top.php on line 2
[04-Sep-2022 14:11:57 UTC] PHP Warning:  session_start(): Failed to read session data: files (path: /var/lib/php/session) in /data/deerwalk-education-group/DWIT/system/application_top.php on line 2
[04-Sep-2022 18:54:21 UTC] PHP Warning:  session_start(): open(/var/lib/php/session/sess_4ddeqf4sg7n84u6t1c0vm8nslr, O_RDWR) failed: No space left on device (28) in /data/deerwalk-education-group/DWIT/system/application_top.php on line 2
[04-Sep-2022 18:54:21 UTC] PHP Warning:  session_start(): Failed to read session data: files (path: /var/lib/php/session) in /data/deerwalk-education-group/DWIT/system/application_top.php on line 2
[04-Sep-2022 18:54:21 UTC] PHP Warning:  session_start(): open(/var/lib/php/session/sess_4ddeqf4sg7n84u6t1c0vm8nslr, O_RDWR) failed: No space left on device (28) in /data/deerwalk-education-group/DWIT/system/application_top.php on line 2
[04-Sep-2022 18:54:21 UTC] PHP Warning:  session_start(): Failed to read session data: files (path: /var/lib/php/session) in /data/deerwalk-education-group/DWIT/system/application_top.php on line 2
[04-Sep-2022 22:38:42 UTC] PHP Warning:  session_start(): open(/var/lib/php/session/sess_avcveuiq5r9gon9idkaid571uu, O_RDWR) failed: No space left on device (28) in /data/deerwalk-education-group/DWIT/system/application_top.php on line 2
[04-Sep-2022 22:38:42 UTC] PHP Warning:  session_start(): Failed to read session data: files (path: /var/lib/php/session) in /data/deerwalk-education-group/DWIT/system/application_top.php on line 2
[04-Sep-2022 22:38:42 UTC] PHP Warning:  session_start(): open(/var/lib/php/session/sess_a64ocsa4v433orfmv18mbgnbp1, O_RDWR) failed: No space left on device (28) in /data/deerwalk-education-group/DWIT/system/application_top.php on line 2
[04-Sep-2022 22:38:42 UTC] PHP Warning:  session_start(): Failed to read session data: files (path: /var/lib/php/session) in /data/deerwalk-education-group/DWIT/system/application_top.php on line 2
